# Logfile created on 2012-09-08 19:40:23 +0900 by logger.rb/25413
F, [2012-09-08T19:51:20.999267 #36817] FATAL -- : Cought unecpected exception
F, [2012-09-08T19:51:21.334341 #36818] FATAL -- : Cought unecpected exception
F, [2012-09-08T19:51:49.792700 #36820] FATAL -- : Cought unecpected exception
F, [2012-09-08T19:51:49.792815 #36820] FATAL -- : can't convert nil into String (TypeError)
/Users/inohiro/Projects/github/log_cp/lib/log_cp/config_set.rb:19:in `expand_path'
/Users/inohiro/Projects/github/log_cp/lib/log_cp/config_set.rb:19:in `initialize'
/Users/inohiro/Projects/github/log_cp/spec/config_set_spec.rb:27:in `new'
/Users/inohiro/Projects/github/log_cp/spec/config_set_spec.rb:27:in `block (3 levels) in <top (required)>'
/Users/inohiro/.rvm/gems/ruby-1.9.2-p320/gems/rspec-core-2.11.1/lib/rspec/core/example.rb:113:in `instance_eval'
/Users/inohiro/.rvm/gems/ruby-1.9.2-p320/gems/rspec-core-2.11.1/lib/rspec/core/example.rb:113:in `block in run'
/Users/inohiro/.rvm/gems/ruby-1.9.2-p320/gems/rspec-core-2.11.1/lib/rspec/core/example.rb:253:in `with_around_each_hooks'
/Users/inohiro/.rvm/gems/ruby-1.9.2-p320/gems/rspec-core-2.11.1/lib/rspec/core/example.rb:110:in `run'
/Users/inohiro/.rvm/gems/ruby-1.9.2-p320/gems/rspec-core-2.11.1/lib/rspec/core/example_group.rb:378:in `block in run_examples'
/Users/inohiro/.rvm/gems/ruby-1.9.2-p320/gems/rspec-core-2.11.1/lib/rspec/core/example_group.rb:374:in `map'
/Users/inohiro/.rvm/gems/ruby-1.9.2-p320/gems/rspec-core-2.11.1/lib/rspec/core/example_group.rb:374:in `run_examples'
/Users/inohiro/.rvm/gems/ruby-1.9.2-p320/gems/rspec-core-2.11.1/lib/rspec/core/example_group.rb:360:in `run'
/Users/inohiro/.rvm/gems/ruby-1.9.2-p320/gems/rspec-core-2.11.1/lib/rspec/core/example_group.rb:361:in `block in run'
/Users/inohiro/.rvm/gems/ruby-1.9.2-p320/gems/rspec-core-2.11.1/lib/rspec/core/example_group.rb:361:in `map'
/Users/inohiro/.rvm/gems/ruby-1.9.2-p320/gems/rspec-core-2.11.1/lib/rspec/core/example_group.rb:361:in `run'
/Users/inohiro/.rvm/gems/ruby-1.9.2-p320/gems/rspec-core-2.11.1/lib/rspec/core/command_line.rb:28:in `block (2 levels) in run'
/Users/inohiro/.rvm/gems/ruby-1.9.2-p320/gems/rspec-core-2.11.1/lib/rspec/core/command_line.rb:28:in `map'
/Users/inohiro/.rvm/gems/ruby-1.9.2-p320/gems/rspec-core-2.11.1/lib/rspec/core/command_line.rb:28:in `block in run'
/Users/inohiro/.rvm/gems/ruby-1.9.2-p320/gems/rspec-core-2.11.1/lib/rspec/core/reporter.rb:34:in `report'
/Users/inohiro/.rvm/gems/ruby-1.9.2-p320/gems/rspec-core-2.11.1/lib/rspec/core/command_line.rb:25:in `run'
/Users/inohiro/.rvm/gems/ruby-1.9.2-p320/gems/rspec-core-2.11.1/lib/rspec/core/runner.rb:69:in `run'
/Users/inohiro/.rvm/gems/ruby-1.9.2-p320/gems/rspec-core-2.11.1/lib/rspec/core/runner.rb:8:in `block in autorun'
F, [2012-09-08T19:51:50.132215 #36821] FATAL -- : Cought unecpected exception
F, [2012-09-08T19:51:50.132311 #36821] FATAL -- : can't convert nil into String (TypeError)
/Users/inohiro/Projects/github/log_cp/lib/log_cp/config_set.rb:19:in `expand_path'
/Users/inohiro/Projects/github/log_cp/lib/log_cp/config_set.rb:19:in `initialize'
/Users/inohiro/Projects/github/log_cp/spec/config_set_spec.rb:27:in `new'
/Users/inohiro/Projects/github/log_cp/spec/config_set_spec.rb:27:in `block (3 levels) in <top (required)>'
/Users/inohiro/.rvm/gems/ruby-1.9.2-p320/gems/rspec-core-2.11.1/lib/rspec/core/example.rb:113:in `instance_eval'
/Users/inohiro/.rvm/gems/ruby-1.9.2-p320/gems/rspec-core-2.11.1/lib/rspec/core/example.rb:113:in `block in run'
/Users/inohiro/.rvm/gems/ruby-1.9.2-p320/gems/rspec-core-2.11.1/lib/rspec/core/example.rb:253:in `with_around_each_hooks'
/Users/inohiro/.rvm/gems/ruby-1.9.2-p320/gems/rspec-core-2.11.1/lib/rspec/core/example.rb:110:in `run'
/Users/inohiro/.rvm/gems/ruby-1.9.2-p320/gems/rspec-core-2.11.1/lib/rspec/core/example_group.rb:378:in `block in run_examples'
/Users/inohiro/.rvm/gems/ruby-1.9.2-p320/gems/rspec-core-2.11.1/lib/rspec/core/example_group.rb:374:in `map'
/Users/inohiro/.rvm/gems/ruby-1.9.2-p320/gems/rspec-core-2.11.1/lib/rspec/core/example_group.rb:374:in `run_examples'
/Users/inohiro/.rvm/gems/ruby-1.9.2-p320/gems/rspec-core-2.11.1/lib/rspec/core/example_group.rb:360:in `run'
/Users/inohiro/.rvm/gems/ruby-1.9.2-p320/gems/rspec-core-2.11.1/lib/rspec/core/example_group.rb:361:in `block in run'
/Users/inohiro/.rvm/gems/ruby-1.9.2-p320/gems/rspec-core-2.11.1/lib/rspec/core/example_group.rb:361:in `map'
/Users/inohiro/.rvm/gems/ruby-1.9.2-p320/gems/rspec-core-2.11.1/lib/rspec/core/example_group.rb:361:in `run'
/Users/inohiro/.rvm/gems/ruby-1.9.2-p320/gems/rspec-core-2.11.1/lib/rspec/core/command_line.rb:28:in `block (2 levels) in run'
/Users/inohiro/.rvm/gems/ruby-1.9.2-p320/gems/rspec-core-2.11.1/lib/rspec/core/command_line.rb:28:in `map'
/Users/inohiro/.rvm/gems/ruby-1.9.2-p320/gems/rspec-core-2.11.1/lib/rspec/core/command_line.rb:28:in `block in run'
/Users/inohiro/.rvm/gems/ruby-1.9.2-p320/gems/rspec-core-2.11.1/lib/rspec/core/reporter.rb:34:in `report'
/Users/inohiro/.rvm/gems/ruby-1.9.2-p320/gems/rspec-core-2.11.1/lib/rspec/core/command_line.rb:25:in `run'
/Users/inohiro/.rvm/gems/ruby-1.9.2-p320/gems/rspec-core-2.11.1/lib/rspec/core/runner.rb:69:in `run'
/Users/inohiro/.rvm/gems/ruby-1.9.2-p320/gems/rspec-core-2.11.1/lib/rspec/core/runner.rb:8:in `block in autorun'
F, [2012-09-08T19:51:50.483476 #36822] FATAL -- : Cought unecpected exception
F, [2012-09-08T19:51:50.483572 #36822] FATAL -- : can't convert nil into String (TypeError)
/Users/inohiro/Projects/github/log_cp/lib/log_cp/config_set.rb:19:in `expand_path'
/Users/inohiro/Projects/github/log_cp/lib/log_cp/config_set.rb:19:in `initialize'
/Users/inohiro/Projects/github/log_cp/spec/config_set_spec.rb:27:in `new'
/Users/inohiro/Projects/github/log_cp/spec/config_set_spec.rb:27:in `block (3 levels) in <top (required)>'
/Users/inohiro/.rvm/gems/ruby-1.9.2-p320/gems/rspec-core-2.11.1/lib/rspec/core/example.rb:113:in `instance_eval'
/Users/inohiro/.rvm/gems/ruby-1.9.2-p320/gems/rspec-core-2.11.1/lib/rspec/core/example.rb:113:in `block in run'
/Users/inohiro/.rvm/gems/ruby-1.9.2-p320/gems/rspec-core-2.11.1/lib/rspec/core/example.rb:253:in `with_around_each_hooks'
/Users/inohiro/.rvm/gems/ruby-1.9.2-p320/gems/rspec-core-2.11.1/lib/rspec/core/example.rb:110:in `run'
/Users/inohiro/.rvm/gems/ruby-1.9.2-p320/gems/rspec-core-2.11.1/lib/rspec/core/example_group.rb:378:in `block in run_examples'
/Users/inohiro/.rvm/gems/ruby-1.9.2-p320/gems/rspec-core-2.11.1/lib/rspec/core/example_group.rb:374:in `map'
/Users/inohiro/.rvm/gems/ruby-1.9.2-p320/gems/rspec-core-2.11.1/lib/rspec/core/example_group.rb:374:in `run_examples'
/Users/inohiro/.rvm/gems/ruby-1.9.2-p320/gems/rspec-core-2.11.1/lib/rspec/core/example_group.rb:360:in `run'
/Users/inohiro/.rvm/gems/ruby-1.9.2-p320/gems/rspec-core-2.11.1/lib/rspec/core/example_group.rb:361:in `block in run'
/Users/inohiro/.rvm/gems/ruby-1.9.2-p320/gems/rspec-core-2.11.1/lib/rspec/core/example_group.rb:361:in `map'
/Users/inohiro/.rvm/gems/ruby-1.9.2-p320/gems/rspec-core-2.11.1/lib/rspec/core/example_group.rb:361:in `run'
/Users/inohiro/.rvm/gems/ruby-1.9.2-p320/gems/rspec-core-2.11.1/lib/rspec/core/command_line.rb:28:in `block (2 levels) in run'
/Users/inohiro/.rvm/gems/ruby-1.9.2-p320/gems/rspec-core-2.11.1/lib/rspec/core/command_line.rb:28:in `map'
/Users/inohiro/.rvm/gems/ruby-1.9.2-p320/gems/rspec-core-2.11.1/lib/rspec/core/command_line.rb:28:in `block in run'
/Users/inohiro/.rvm/gems/ruby-1.9.2-p320/gems/rspec-core-2.11.1/lib/rspec/core/reporter.rb:34:in `report'
/Users/inohiro/.rvm/gems/ruby-1.9.2-p320/gems/rspec-core-2.11.1/lib/rspec/core/command_line.rb:25:in `run'
/Users/inohiro/.rvm/gems/ruby-1.9.2-p320/gems/rspec-core-2.11.1/lib/rspec/core/runner.rb:69:in `run'
/Users/inohiro/.rvm/gems/ruby-1.9.2-p320/gems/rspec-core-2.11.1/lib/rspec/core/runner.rb:8:in `block in autorun'
F, [2012-09-08T19:52:37.666232 #36833] FATAL -- : Cought unecpected exception
F, [2012-09-08T19:52:37.666351 #36833] FATAL -- : can't convert nil into String (TypeError)
/Users/inohiro/Projects/github/log_cp/lib/log_cp/config_set.rb:19:in `expand_path'
/Users/inohiro/Projects/github/log_cp/lib/log_cp/config_set.rb:19:in `initialize'
/Users/inohiro/Projects/github/log_cp/spec/config_set_spec.rb:27:in `new'
/Users/inohiro/Projects/github/log_cp/spec/config_set_spec.rb:27:in `block (3 levels) in <top (required)>'
/Users/inohiro/.rvm/gems/ruby-1.9.2-p320/gems/rspec-core-2.11.1/lib/rspec/core/example.rb:113:in `instance_eval'
/Users/inohiro/.rvm/gems/ruby-1.9.2-p320/gems/rspec-core-2.11.1/lib/rspec/core/example.rb:113:in `block in run'
/Users/inohiro/.rvm/gems/ruby-1.9.2-p320/gems/rspec-core-2.11.1/lib/rspec/core/example.rb:253:in `with_around_each_hooks'
/Users/inohiro/.rvm/gems/ruby-1.9.2-p320/gems/rspec-core-2.11.1/lib/rspec/core/example.rb:110:in `run'
/Users/inohiro/.rvm/gems/ruby-1.9.2-p320/gems/rspec-core-2.11.1/lib/rspec/core/example_group.rb:378:in `block in run_examples'
/Users/inohiro/.rvm/gems/ruby-1.9.2-p320/gems/rspec-core-2.11.1/lib/rspec/core/example_group.rb:374:in `map'
/Users/inohiro/.rvm/gems/ruby-1.9.2-p320/gems/rspec-core-2.11.1/lib/rspec/core/example_group.rb:374:in `run_examples'
/Users/inohiro/.rvm/gems/ruby-1.9.2-p320/gems/rspec-core-2.11.1/lib/rspec/core/example_group.rb:360:in `run'
/Users/inohiro/.rvm/gems/ruby-1.9.2-p320/gems/rspec-core-2.11.1/lib/rspec/core/example_group.rb:361:in `block in run'
/Users/inohiro/.rvm/gems/ruby-1.9.2-p320/gems/rspec-core-2.11.1/lib/rspec/core/example_group.rb:361:in `map'
/Users/inohiro/.rvm/gems/ruby-1.9.2-p320/gems/rspec-core-2.11.1/lib/rspec/core/example_group.rb:361:in `run'
/Users/inohiro/.rvm/gems/ruby-1.9.2-p320/gems/rspec-core-2.11.1/lib/rspec/core/command_line.rb:28:in `block (2 levels) in run'
/Users/inohiro/.rvm/gems/ruby-1.9.2-p320/gems/rspec-core-2.11.1/lib/rspec/core/command_line.rb:28:in `map'
/Users/inohiro/.rvm/gems/ruby-1.9.2-p320/gems/rspec-core-2.11.1/lib/rspec/core/command_line.rb:28:in `block in run'
/Users/inohiro/.rvm/gems/ruby-1.9.2-p320/gems/rspec-core-2.11.1/lib/rspec/core/reporter.rb:34:in `report'
/Users/inohiro/.rvm/gems/ruby-1.9.2-p320/gems/rspec-core-2.11.1/lib/rspec/core/command_line.rb:25:in `run'
/Users/inohiro/.rvm/gems/ruby-1.9.2-p320/gems/rspec-core-2.11.1/lib/rspec/core/runner.rb:69:in `run'
/Users/inohiro/.rvm/gems/ruby-1.9.2-p320/gems/rspec-core-2.11.1/lib/rspec/core/runner.rb:8:in `block in autorun'
F, [2012-09-08T19:53:37.248516 #36915] FATAL -- : Cought unecpected exception
F, [2012-09-08T19:53:37.248611 #36915] FATAL -- : can't convert nil into String (TypeError)
/Users/inohiro/Projects/github/log_cp/lib/log_cp/config_set.rb:19:in `expand_path'
/Users/inohiro/Projects/github/log_cp/lib/log_cp/config_set.rb:19:in `initialize'
/Users/inohiro/Projects/github/log_cp/spec/config_set_spec.rb:27:in `new'
/Users/inohiro/Projects/github/log_cp/spec/config_set_spec.rb:27:in `block (3 levels) in <top (required)>'
/Users/inohiro/.rvm/gems/ruby-1.9.2-p320/gems/rspec-core-2.11.1/lib/rspec/core/example.rb:113:in `instance_eval'
/Users/inohiro/.rvm/gems/ruby-1.9.2-p320/gems/rspec-core-2.11.1/lib/rspec/core/example.rb:113:in `block in run'
/Users/inohiro/.rvm/gems/ruby-1.9.2-p320/gems/rspec-core-2.11.1/lib/rspec/core/example.rb:253:in `with_around_each_hooks'
/Users/inohiro/.rvm/gems/ruby-1.9.2-p320/gems/rspec-core-2.11.1/lib/rspec/core/example.rb:110:in `run'
/Users/inohiro/.rvm/gems/ruby-1.9.2-p320/gems/rspec-core-2.11.1/lib/rspec/core/example_group.rb:378:in `block in run_examples'
/Users/inohiro/.rvm/gems/ruby-1.9.2-p320/gems/rspec-core-2.11.1/lib/rspec/core/example_group.rb:374:in `map'
/Users/inohiro/.rvm/gems/ruby-1.9.2-p320/gems/rspec-core-2.11.1/lib/rspec/core/example_group.rb:374:in `run_examples'
/Users/inohiro/.rvm/gems/ruby-1.9.2-p320/gems/rspec-core-2.11.1/lib/rspec/core/example_group.rb:360:in `run'
/Users/inohiro/.rvm/gems/ruby-1.9.2-p320/gems/rspec-core-2.11.1/lib/rspec/core/example_group.rb:361:in `block in run'
/Users/inohiro/.rvm/gems/ruby-1.9.2-p320/gems/rspec-core-2.11.1/lib/rspec/core/example_group.rb:361:in `map'
/Users/inohiro/.rvm/gems/ruby-1.9.2-p320/gems/rspec-core-2.11.1/lib/rspec/core/example_group.rb:361:in `run'
/Users/inohiro/.rvm/gems/ruby-1.9.2-p320/gems/rspec-core-2.11.1/lib/rspec/core/command_line.rb:28:in `block (2 levels) in run'
/Users/inohiro/.rvm/gems/ruby-1.9.2-p320/gems/rspec-core-2.11.1/lib/rspec/core/command_line.rb:28:in `map'
/Users/inohiro/.rvm/gems/ruby-1.9.2-p320/gems/rspec-core-2.11.1/lib/rspec/core/command_line.rb:28:in `block in run'
/Users/inohiro/.rvm/gems/ruby-1.9.2-p320/gems/rspec-core-2.11.1/lib/rspec/core/reporter.rb:34:in `report'
/Users/inohiro/.rvm/gems/ruby-1.9.2-p320/gems/rspec-core-2.11.1/lib/rspec/core/command_line.rb:25:in `run'
/Users/inohiro/.rvm/gems/ruby-1.9.2-p320/gems/rspec-core-2.11.1/lib/rspec/core/runner.rb:69:in `run'
/Users/inohiro/.rvm/gems/ruby-1.9.2-p320/gems/rspec-core-2.11.1/lib/rspec/core/runner.rb:8:in `block in autorun'
F, [2012-09-08T19:53:37.604085 #36916] FATAL -- : Cought unecpected exception
F, [2012-09-08T19:53:37.604182 #36916] FATAL -- : can't convert nil into String (TypeError)
/Users/inohiro/Projects/github/log_cp/lib/log_cp/config_set.rb:19:in `expand_path'
/Users/inohiro/Projects/github/log_cp/lib/log_cp/config_set.rb:19:in `initialize'
/Users/inohiro/Projects/github/log_cp/spec/config_set_spec.rb:27:in `new'
/Users/inohiro/Projects/github/log_cp/spec/config_set_spec.rb:27:in `block (3 levels) in <top (required)>'
/Users/inohiro/.rvm/gems/ruby-1.9.2-p320/gems/rspec-core-2.11.1/lib/rspec/core/example.rb:113:in `instance_eval'
/Users/inohiro/.rvm/gems/ruby-1.9.2-p320/gems/rspec-core-2.11.1/lib/rspec/core/example.rb:113:in `block in run'
/Users/inohiro/.rvm/gems/ruby-1.9.2-p320/gems/rspec-core-2.11.1/lib/rspec/core/example.rb:253:in `with_around_each_hooks'
/Users/inohiro/.rvm/gems/ruby-1.9.2-p320/gems/rspec-core-2.11.1/lib/rspec/core/example.rb:110:in `run'
/Users/inohiro/.rvm/gems/ruby-1.9.2-p320/gems/rspec-core-2.11.1/lib/rspec/core/example_group.rb:378:in `block in run_examples'
/Users/inohiro/.rvm/gems/ruby-1.9.2-p320/gems/rspec-core-2.11.1/lib/rspec/core/example_group.rb:374:in `map'
/Users/inohiro/.rvm/gems/ruby-1.9.2-p320/gems/rspec-core-2.11.1/lib/rspec/core/example_group.rb:374:in `run_examples'
/Users/inohiro/.rvm/gems/ruby-1.9.2-p320/gems/rspec-core-2.11.1/lib/rspec/core/example_group.rb:360:in `run'
/Users/inohiro/.rvm/gems/ruby-1.9.2-p320/gems/rspec-core-2.11.1/lib/rspec/core/example_group.rb:361:in `block in run'
/Users/inohiro/.rvm/gems/ruby-1.9.2-p320/gems/rspec-core-2.11.1/lib/rspec/core/example_group.rb:361:in `map'
/Users/inohiro/.rvm/gems/ruby-1.9.2-p320/gems/rspec-core-2.11.1/lib/rspec/core/example_group.rb:361:in `run'
/Users/inohiro/.rvm/gems/ruby-1.9.2-p320/gems/rspec-core-2.11.1/lib/rspec/core/command_line.rb:28:in `block (2 levels) in run'
/Users/inohiro/.rvm/gems/ruby-1.9.2-p320/gems/rspec-core-2.11.1/lib/rspec/core/command_line.rb:28:in `map'
/Users/inohiro/.rvm/gems/ruby-1.9.2-p320/gems/rspec-core-2.11.1/lib/rspec/core/command_line.rb:28:in `block in run'
/Users/inohiro/.rvm/gems/ruby-1.9.2-p320/gems/rspec-core-2.11.1/lib/rspec/core/reporter.rb:34:in `report'
/Users/inohiro/.rvm/gems/ruby-1.9.2-p320/gems/rspec-core-2.11.1/lib/rspec/core/command_line.rb:25:in `run'
/Users/inohiro/.rvm/gems/ruby-1.9.2-p320/gems/rspec-core-2.11.1/lib/rspec/core/runner.rb:69:in `run'
/Users/inohiro/.rvm/gems/ruby-1.9.2-p320/gems/rspec-core-2.11.1/lib/rspec/core/runner.rb:8:in `block in autorun'
F, [2012-09-08T19:53:56.021520 #36918] FATAL -- : Cought unecpected exception
F, [2012-09-08T19:53:56.021617 #36918] FATAL -- : can't convert nil into String (TypeError)
/Users/inohiro/Projects/github/log_cp/lib/log_cp/config_set.rb:19:in `expand_path'
/Users/inohiro/Projects/github/log_cp/lib/log_cp/config_set.rb:19:in `initialize'
/Users/inohiro/Projects/github/log_cp/spec/config_set_spec.rb:27:in `new'
/Users/inohiro/Projects/github/log_cp/spec/config_set_spec.rb:27:in `block (3 levels) in <top (required)>'
/Users/inohiro/.rvm/gems/ruby-1.9.2-p320/gems/rspec-core-2.11.1/lib/rspec/core/example.rb:113:in `instance_eval'
/Users/inohiro/.rvm/gems/ruby-1.9.2-p320/gems/rspec-core-2.11.1/lib/rspec/core/example.rb:113:in `block in run'
/Users/inohiro/.rvm/gems/ruby-1.9.2-p320/gems/rspec-core-2.11.1/lib/rspec/core/example.rb:253:in `with_around_each_hooks'
/Users/inohiro/.rvm/gems/ruby-1.9.2-p320/gems/rspec-core-2.11.1/lib/rspec/core/example.rb:110:in `run'
/Users/inohiro/.rvm/gems/ruby-1.9.2-p320/gems/rspec-core-2.11.1/lib/rspec/core/example_group.rb:378:in `block in run_examples'
/Users/inohiro/.rvm/gems/ruby-1.9.2-p320/gems/rspec-core-2.11.1/lib/rspec/core/example_group.rb:374:in `map'
/Users/inohiro/.rvm/gems/ruby-1.9.2-p320/gems/rspec-core-2.11.1/lib/rspec/core/example_group.rb:374:in `run_examples'
/Users/inohiro/.rvm/gems/ruby-1.9.2-p320/gems/rspec-core-2.11.1/lib/rspec/core/example_group.rb:360:in `run'
/Users/inohiro/.rvm/gems/ruby-1.9.2-p320/gems/rspec-core-2.11.1/lib/rspec/core/example_group.rb:361:in `block in run'
/Users/inohiro/.rvm/gems/ruby-1.9.2-p320/gems/rspec-core-2.11.1/lib/rspec/core/example_group.rb:361:in `map'
/Users/inohiro/.rvm/gems/ruby-1.9.2-p320/gems/rspec-core-2.11.1/lib/rspec/core/example_group.rb:361:in `run'
/Users/inohiro/.rvm/gems/ruby-1.9.2-p320/gems/rspec-core-2.11.1/lib/rspec/core/command_line.rb:28:in `block (2 levels) in run'
/Users/inohiro/.rvm/gems/ruby-1.9.2-p320/gems/rspec-core-2.11.1/lib/rspec/core/command_line.rb:28:in `map'
/Users/inohiro/.rvm/gems/ruby-1.9.2-p320/gems/rspec-core-2.11.1/lib/rspec/core/command_line.rb:28:in `block in run'
/Users/inohiro/.rvm/gems/ruby-1.9.2-p320/gems/rspec-core-2.11.1/lib/rspec/core/reporter.rb:34:in `report'
/Users/inohiro/.rvm/gems/ruby-1.9.2-p320/gems/rspec-core-2.11.1/lib/rspec/core/command_line.rb:25:in `run'
/Users/inohiro/.rvm/gems/ruby-1.9.2-p320/gems/rspec-core-2.11.1/lib/rspec/core/runner.rb:69:in `run'
/Users/inohiro/.rvm/gems/ruby-1.9.2-p320/gems/rspec-core-2.11.1/lib/rspec/core/runner.rb:8:in `block in autorun'
F, [2012-09-08T19:53:56.358013 #36919] FATAL -- : Cought unecpected exception
F, [2012-09-08T19:53:56.358107 #36919] FATAL -- : can't convert nil into String (TypeError)
/Users/inohiro/Projects/github/log_cp/lib/log_cp/config_set.rb:19:in `expand_path'
/Users/inohiro/Projects/github/log_cp/lib/log_cp/config_set.rb:19:in `initialize'
/Users/inohiro/Projects/github/log_cp/spec/config_set_spec.rb:27:in `new'
/Users/inohiro/Projects/github/log_cp/spec/config_set_spec.rb:27:in `block (3 levels) in <top (required)>'
/Users/inohiro/.rvm/gems/ruby-1.9.2-p320/gems/rspec-core-2.11.1/lib/rspec/core/example.rb:113:in `instance_eval'
/Users/inohiro/.rvm/gems/ruby-1.9.2-p320/gems/rspec-core-2.11.1/lib/rspec/core/example.rb:113:in `block in run'
/Users/inohiro/.rvm/gems/ruby-1.9.2-p320/gems/rspec-core-2.11.1/lib/rspec/core/example.rb:253:in `with_around_each_hooks'
/Users/inohiro/.rvm/gems/ruby-1.9.2-p320/gems/rspec-core-2.11.1/lib/rspec/core/example.rb:110:in `run'
/Users/inohiro/.rvm/gems/ruby-1.9.2-p320/gems/rspec-core-2.11.1/lib/rspec/core/example_group.rb:378:in `block in run_examples'
/Users/inohiro/.rvm/gems/ruby-1.9.2-p320/gems/rspec-core-2.11.1/lib/rspec/core/example_group.rb:374:in `map'
/Users/inohiro/.rvm/gems/ruby-1.9.2-p320/gems/rspec-core-2.11.1/lib/rspec/core/example_group.rb:374:in `run_examples'
/Users/inohiro/.rvm/gems/ruby-1.9.2-p320/gems/rspec-core-2.11.1/lib/rspec/core/example_group.rb:360:in `run'
/Users/inohiro/.rvm/gems/ruby-1.9.2-p320/gems/rspec-core-2.11.1/lib/rspec/core/example_group.rb:361:in `block in run'
/Users/inohiro/.rvm/gems/ruby-1.9.2-p320/gems/rspec-core-2.11.1/lib/rspec/core/example_group.rb:361:in `map'
/Users/inohiro/.rvm/gems/ruby-1.9.2-p320/gems/rspec-core-2.11.1/lib/rspec/core/example_group.rb:361:in `run'
/Users/inohiro/.rvm/gems/ruby-1.9.2-p320/gems/rspec-core-2.11.1/lib/rspec/core/command_line.rb:28:in `block (2 levels) in run'
/Users/inohiro/.rvm/gems/ruby-1.9.2-p320/gems/rspec-core-2.11.1/lib/rspec/core/command_line.rb:28:in `map'
/Users/inohiro/.rvm/gems/ruby-1.9.2-p320/gems/rspec-core-2.11.1/lib/rspec/core/command_line.rb:28:in `block in run'
/Users/inohiro/.rvm/gems/ruby-1.9.2-p320/gems/rspec-core-2.11.1/lib/rspec/core/reporter.rb:34:in `report'
/Users/inohiro/.rvm/gems/ruby-1.9.2-p320/gems/rspec-core-2.11.1/lib/rspec/core/command_line.rb:25:in `run'
/Users/inohiro/.rvm/gems/ruby-1.9.2-p320/gems/rspec-core-2.11.1/lib/rspec/core/runner.rb:69:in `run'
/Users/inohiro/.rvm/gems/ruby-1.9.2-p320/gems/rspec-core-2.11.1/lib/rspec/core/runner.rb:8:in `block in autorun'
F, [2012-09-08T19:54:25.815899 #36922] FATAL -- : Cought unecpected exception
F, [2012-09-08T19:54:25.815996 #36922] FATAL -- : can't convert nil into String (TypeError)
/Users/inohiro/Projects/github/log_cp/lib/log_cp/config_set.rb:18:in `expand_path'
/Users/inohiro/Projects/github/log_cp/lib/log_cp/config_set.rb:18:in `initialize'
/Users/inohiro/Projects/github/log_cp/spec/config_set_spec.rb:27:in `new'
/Users/inohiro/Projects/github/log_cp/spec/config_set_spec.rb:27:in `block (3 levels) in <top (required)>'
/Users/inohiro/.rvm/gems/ruby-1.9.2-p320/gems/rspec-core-2.11.1/lib/rspec/core/example.rb:113:in `instance_eval'
/Users/inohiro/.rvm/gems/ruby-1.9.2-p320/gems/rspec-core-2.11.1/lib/rspec/core/example.rb:113:in `block in run'
/Users/inohiro/.rvm/gems/ruby-1.9.2-p320/gems/rspec-core-2.11.1/lib/rspec/core/example.rb:253:in `with_around_each_hooks'
/Users/inohiro/.rvm/gems/ruby-1.9.2-p320/gems/rspec-core-2.11.1/lib/rspec/core/example.rb:110:in `run'
/Users/inohiro/.rvm/gems/ruby-1.9.2-p320/gems/rspec-core-2.11.1/lib/rspec/core/example_group.rb:378:in `block in run_examples'
/Users/inohiro/.rvm/gems/ruby-1.9.2-p320/gems/rspec-core-2.11.1/lib/rspec/core/example_group.rb:374:in `map'
/Users/inohiro/.rvm/gems/ruby-1.9.2-p320/gems/rspec-core-2.11.1/lib/rspec/core/example_group.rb:374:in `run_examples'
/Users/inohiro/.rvm/gems/ruby-1.9.2-p320/gems/rspec-core-2.11.1/lib/rspec/core/example_group.rb:360:in `run'
/Users/inohiro/.rvm/gems/ruby-1.9.2-p320/gems/rspec-core-2.11.1/lib/rspec/core/example_group.rb:361:in `block in run'
/Users/inohiro/.rvm/gems/ruby-1.9.2-p320/gems/rspec-core-2.11.1/lib/rspec/core/example_group.rb:361:in `map'
/Users/inohiro/.rvm/gems/ruby-1.9.2-p320/gems/rspec-core-2.11.1/lib/rspec/core/example_group.rb:361:in `run'
/Users/inohiro/.rvm/gems/ruby-1.9.2-p320/gems/rspec-core-2.11.1/lib/rspec/core/command_line.rb:28:in `block (2 levels) in run'
/Users/inohiro/.rvm/gems/ruby-1.9.2-p320/gems/rspec-core-2.11.1/lib/rspec/core/command_line.rb:28:in `map'
/Users/inohiro/.rvm/gems/ruby-1.9.2-p320/gems/rspec-core-2.11.1/lib/rspec/core/command_line.rb:28:in `block in run'
/Users/inohiro/.rvm/gems/ruby-1.9.2-p320/gems/rspec-core-2.11.1/lib/rspec/core/reporter.rb:34:in `report'
/Users/inohiro/.rvm/gems/ruby-1.9.2-p320/gems/rspec-core-2.11.1/lib/rspec/core/command_line.rb:25:in `run'
/Users/inohiro/.rvm/gems/ruby-1.9.2-p320/gems/rspec-core-2.11.1/lib/rspec/core/runner.rb:69:in `run'
/Users/inohiro/.rvm/gems/ruby-1.9.2-p320/gems/rspec-core-2.11.1/lib/rspec/core/runner.rb:8:in `block in autorun'
F, [2012-09-08T19:54:26.150465 #36923] FATAL -- : Cought unecpected exception
F, [2012-09-08T19:54:26.150563 #36923] FATAL -- : can't convert nil into String (TypeError)
/Users/inohiro/Projects/github/log_cp/lib/log_cp/config_set.rb:18:in `expand_path'
/Users/inohiro/Projects/github/log_cp/lib/log_cp/config_set.rb:18:in `initialize'
/Users/inohiro/Projects/github/log_cp/spec/config_set_spec.rb:27:in `new'
/Users/inohiro/Projects/github/log_cp/spec/config_set_spec.rb:27:in `block (3 levels) in <top (required)>'
/Users/inohiro/.rvm/gems/ruby-1.9.2-p320/gems/rspec-core-2.11.1/lib/rspec/core/example.rb:113:in `instance_eval'
/Users/inohiro/.rvm/gems/ruby-1.9.2-p320/gems/rspec-core-2.11.1/lib/rspec/core/example.rb:113:in `block in run'
/Users/inohiro/.rvm/gems/ruby-1.9.2-p320/gems/rspec-core-2.11.1/lib/rspec/core/example.rb:253:in `with_around_each_hooks'
/Users/inohiro/.rvm/gems/ruby-1.9.2-p320/gems/rspec-core-2.11.1/lib/rspec/core/example.rb:110:in `run'
/Users/inohiro/.rvm/gems/ruby-1.9.2-p320/gems/rspec-core-2.11.1/lib/rspec/core/example_group.rb:378:in `block in run_examples'
/Users/inohiro/.rvm/gems/ruby-1.9.2-p320/gems/rspec-core-2.11.1/lib/rspec/core/example_group.rb:374:in `map'
/Users/inohiro/.rvm/gems/ruby-1.9.2-p320/gems/rspec-core-2.11.1/lib/rspec/core/example_group.rb:374:in `run_examples'
/Users/inohiro/.rvm/gems/ruby-1.9.2-p320/gems/rspec-core-2.11.1/lib/rspec/core/example_group.rb:360:in `run'
/Users/inohiro/.rvm/gems/ruby-1.9.2-p320/gems/rspec-core-2.11.1/lib/rspec/core/example_group.rb:361:in `block in run'
/Users/inohiro/.rvm/gems/ruby-1.9.2-p320/gems/rspec-core-2.11.1/lib/rspec/core/example_group.rb:361:in `map'
/Users/inohiro/.rvm/gems/ruby-1.9.2-p320/gems/rspec-core-2.11.1/lib/rspec/core/example_group.rb:361:in `run'
/Users/inohiro/.rvm/gems/ruby-1.9.2-p320/gems/rspec-core-2.11.1/lib/rspec/core/command_line.rb:28:in `block (2 levels) in run'
/Users/inohiro/.rvm/gems/ruby-1.9.2-p320/gems/rspec-core-2.11.1/lib/rspec/core/command_line.rb:28:in `map'
/Users/inohiro/.rvm/gems/ruby-1.9.2-p320/gems/rspec-core-2.11.1/lib/rspec/core/command_line.rb:28:in `block in run'
/Users/inohiro/.rvm/gems/ruby-1.9.2-p320/gems/rspec-core-2.11.1/lib/rspec/core/reporter.rb:34:in `report'
/Users/inohiro/.rvm/gems/ruby-1.9.2-p320/gems/rspec-core-2.11.1/lib/rspec/core/command_line.rb:25:in `run'
/Users/inohiro/.rvm/gems/ruby-1.9.2-p320/gems/rspec-core-2.11.1/lib/rspec/core/runner.rb:69:in `run'
/Users/inohiro/.rvm/gems/ruby-1.9.2-p320/gems/rspec-core-2.11.1/lib/rspec/core/runner.rb:8:in `block in autorun'
F, [2012-09-08T19:54:26.496858 #36924] FATAL -- : Cought unecpected exception
F, [2012-09-08T19:54:26.496953 #36924] FATAL -- : can't convert nil into String (TypeError)
/Users/inohiro/Projects/github/log_cp/lib/log_cp/config_set.rb:18:in `expand_path'
/Users/inohiro/Projects/github/log_cp/lib/log_cp/config_set.rb:18:in `initialize'
/Users/inohiro/Projects/github/log_cp/spec/config_set_spec.rb:27:in `new'
/Users/inohiro/Projects/github/log_cp/spec/config_set_spec.rb:27:in `block (3 levels) in <top (required)>'
/Users/inohiro/.rvm/gems/ruby-1.9.2-p320/gems/rspec-core-2.11.1/lib/rspec/core/example.rb:113:in `instance_eval'
/Users/inohiro/.rvm/gems/ruby-1.9.2-p320/gems/rspec-core-2.11.1/lib/rspec/core/example.rb:113:in `block in run'
/Users/inohiro/.rvm/gems/ruby-1.9.2-p320/gems/rspec-core-2.11.1/lib/rspec/core/example.rb:253:in `with_around_each_hooks'
/Users/inohiro/.rvm/gems/ruby-1.9.2-p320/gems/rspec-core-2.11.1/lib/rspec/core/example.rb:110:in `run'
/Users/inohiro/.rvm/gems/ruby-1.9.2-p320/gems/rspec-core-2.11.1/lib/rspec/core/example_group.rb:378:in `block in run_examples'
/Users/inohiro/.rvm/gems/ruby-1.9.2-p320/gems/rspec-core-2.11.1/lib/rspec/core/example_group.rb:374:in `map'
/Users/inohiro/.rvm/gems/ruby-1.9.2-p320/gems/rspec-core-2.11.1/lib/rspec/core/example_group.rb:374:in `run_examples'
/Users/inohiro/.rvm/gems/ruby-1.9.2-p320/gems/rspec-core-2.11.1/lib/rspec/core/example_group.rb:360:in `run'
/Users/inohiro/.rvm/gems/ruby-1.9.2-p320/gems/rspec-core-2.11.1/lib/rspec/core/example_group.rb:361:in `block in run'
/Users/inohiro/.rvm/gems/ruby-1.9.2-p320/gems/rspec-core-2.11.1/lib/rspec/core/example_group.rb:361:in `map'
/Users/inohiro/.rvm/gems/ruby-1.9.2-p320/gems/rspec-core-2.11.1/lib/rspec/core/example_group.rb:361:in `run'
/Users/inohiro/.rvm/gems/ruby-1.9.2-p320/gems/rspec-core-2.11.1/lib/rspec/core/command_line.rb:28:in `block (2 levels) in run'
/Users/inohiro/.rvm/gems/ruby-1.9.2-p320/gems/rspec-core-2.11.1/lib/rspec/core/command_line.rb:28:in `map'
/Users/inohiro/.rvm/gems/ruby-1.9.2-p320/gems/rspec-core-2.11.1/lib/rspec/core/command_line.rb:28:in `block in run'
/Users/inohiro/.rvm/gems/ruby-1.9.2-p320/gems/rspec-core-2.11.1/lib/rspec/core/reporter.rb:34:in `report'
/Users/inohiro/.rvm/gems/ruby-1.9.2-p320/gems/rspec-core-2.11.1/lib/rspec/core/command_line.rb:25:in `run'
/Users/inohiro/.rvm/gems/ruby-1.9.2-p320/gems/rspec-core-2.11.1/lib/rspec/core/runner.rb:69:in `run'
/Users/inohiro/.rvm/gems/ruby-1.9.2-p320/gems/rspec-core-2.11.1/lib/rspec/core/runner.rb:8:in `block in autorun'
F, [2012-09-08T19:55:08.009044 #36929] FATAL -- : Cought unecpected exception
F, [2012-09-08T19:55:08.009139 #36929] FATAL -- : can't convert nil into String (TypeError)
/Users/inohiro/Projects/github/log_cp/lib/log_cp/config_set.rb:18:in `expand_path'
/Users/inohiro/Projects/github/log_cp/lib/log_cp/config_set.rb:18:in `initialize'
/Users/inohiro/Projects/github/log_cp/spec/config_set_spec.rb:27:in `new'
/Users/inohiro/Projects/github/log_cp/spec/config_set_spec.rb:27:in `block (3 levels) in <top (required)>'
/Users/inohiro/.rvm/gems/ruby-1.9.2-p320/gems/rspec-core-2.11.1/lib/rspec/core/example.rb:113:in `instance_eval'
/Users/inohiro/.rvm/gems/ruby-1.9.2-p320/gems/rspec-core-2.11.1/lib/rspec/core/example.rb:113:in `block in run'
/Users/inohiro/.rvm/gems/ruby-1.9.2-p320/gems/rspec-core-2.11.1/lib/rspec/core/example.rb:253:in `with_around_each_hooks'
/Users/inohiro/.rvm/gems/ruby-1.9.2-p320/gems/rspec-core-2.11.1/lib/rspec/core/example.rb:110:in `run'
/Users/inohiro/.rvm/gems/ruby-1.9.2-p320/gems/rspec-core-2.11.1/lib/rspec/core/example_group.rb:378:in `block in run_examples'
/Users/inohiro/.rvm/gems/ruby-1.9.2-p320/gems/rspec-core-2.11.1/lib/rspec/core/example_group.rb:374:in `map'
/Users/inohiro/.rvm/gems/ruby-1.9.2-p320/gems/rspec-core-2.11.1/lib/rspec/core/example_group.rb:374:in `run_examples'
/Users/inohiro/.rvm/gems/ruby-1.9.2-p320/gems/rspec-core-2.11.1/lib/rspec/core/example_group.rb:360:in `run'
/Users/inohiro/.rvm/gems/ruby-1.9.2-p320/gems/rspec-core-2.11.1/lib/rspec/core/example_group.rb:361:in `block in run'
/Users/inohiro/.rvm/gems/ruby-1.9.2-p320/gems/rspec-core-2.11.1/lib/rspec/core/example_group.rb:361:in `map'
/Users/inohiro/.rvm/gems/ruby-1.9.2-p320/gems/rspec-core-2.11.1/lib/rspec/core/example_group.rb:361:in `run'
/Users/inohiro/.rvm/gems/ruby-1.9.2-p320/gems/rspec-core-2.11.1/lib/rspec/core/command_line.rb:28:in `block (2 levels) in run'
/Users/inohiro/.rvm/gems/ruby-1.9.2-p320/gems/rspec-core-2.11.1/lib/rspec/core/command_line.rb:28:in `map'
/Users/inohiro/.rvm/gems/ruby-1.9.2-p320/gems/rspec-core-2.11.1/lib/rspec/core/command_line.rb:28:in `block in run'
/Users/inohiro/.rvm/gems/ruby-1.9.2-p320/gems/rspec-core-2.11.1/lib/rspec/core/reporter.rb:34:in `report'
/Users/inohiro/.rvm/gems/ruby-1.9.2-p320/gems/rspec-core-2.11.1/lib/rspec/core/command_line.rb:25:in `run'
/Users/inohiro/.rvm/gems/ruby-1.9.2-p320/gems/rspec-core-2.11.1/lib/rspec/core/runner.rb:69:in `run'
/Users/inohiro/.rvm/gems/ruby-1.9.2-p320/gems/rspec-core-2.11.1/lib/rspec/core/runner.rb:8:in `block in autorun'
F, [2012-09-08T19:55:08.349857 #36930] FATAL -- : Cought unecpected exception
F, [2012-09-08T19:55:08.349950 #36930] FATAL -- : can't convert nil into String (TypeError)
/Users/inohiro/Projects/github/log_cp/lib/log_cp/config_set.rb:18:in `expand_path'
/Users/inohiro/Projects/github/log_cp/lib/log_cp/config_set.rb:18:in `initialize'
/Users/inohiro/Projects/github/log_cp/spec/config_set_spec.rb:27:in `new'
/Users/inohiro/Projects/github/log_cp/spec/config_set_spec.rb:27:in `block (3 levels) in <top (required)>'
/Users/inohiro/.rvm/gems/ruby-1.9.2-p320/gems/rspec-core-2.11.1/lib/rspec/core/example.rb:113:in `instance_eval'
/Users/inohiro/.rvm/gems/ruby-1.9.2-p320/gems/rspec-core-2.11.1/lib/rspec/core/example.rb:113:in `block in run'
/Users/inohiro/.rvm/gems/ruby-1.9.2-p320/gems/rspec-core-2.11.1/lib/rspec/core/example.rb:253:in `with_around_each_hooks'
/Users/inohiro/.rvm/gems/ruby-1.9.2-p320/gems/rspec-core-2.11.1/lib/rspec/core/example.rb:110:in `run'
/Users/inohiro/.rvm/gems/ruby-1.9.2-p320/gems/rspec-core-2.11.1/lib/rspec/core/example_group.rb:378:in `block in run_examples'
/Users/inohiro/.rvm/gems/ruby-1.9.2-p320/gems/rspec-core-2.11.1/lib/rspec/core/example_group.rb:374:in `map'
/Users/inohiro/.rvm/gems/ruby-1.9.2-p320/gems/rspec-core-2.11.1/lib/rspec/core/example_group.rb:374:in `run_examples'
/Users/inohiro/.rvm/gems/ruby-1.9.2-p320/gems/rspec-core-2.11.1/lib/rspec/core/example_group.rb:360:in `run'
/Users/inohiro/.rvm/gems/ruby-1.9.2-p320/gems/rspec-core-2.11.1/lib/rspec/core/example_group.rb:361:in `block in run'
/Users/inohiro/.rvm/gems/ruby-1.9.2-p320/gems/rspec-core-2.11.1/lib/rspec/core/example_group.rb:361:in `map'
/Users/inohiro/.rvm/gems/ruby-1.9.2-p320/gems/rspec-core-2.11.1/lib/rspec/core/example_group.rb:361:in `run'
/Users/inohiro/.rvm/gems/ruby-1.9.2-p320/gems/rspec-core-2.11.1/lib/rspec/core/command_line.rb:28:in `block (2 levels) in run'
/Users/inohiro/.rvm/gems/ruby-1.9.2-p320/gems/rspec-core-2.11.1/lib/rspec/core/command_line.rb:28:in `map'
/Users/inohiro/.rvm/gems/ruby-1.9.2-p320/gems/rspec-core-2.11.1/lib/rspec/core/command_line.rb:28:in `block in run'
/Users/inohiro/.rvm/gems/ruby-1.9.2-p320/gems/rspec-core-2.11.1/lib/rspec/core/reporter.rb:34:in `report'
/Users/inohiro/.rvm/gems/ruby-1.9.2-p320/gems/rspec-core-2.11.1/lib/rspec/core/command_line.rb:25:in `run'
/Users/inohiro/.rvm/gems/ruby-1.9.2-p320/gems/rspec-core-2.11.1/lib/rspec/core/runner.rb:69:in `run'
/Users/inohiro/.rvm/gems/ruby-1.9.2-p320/gems/rspec-core-2.11.1/lib/rspec/core/runner.rb:8:in `block in autorun'
F, [2012-09-08T19:56:01.916469 #36942] FATAL -- : Cought unecpected exception
F, [2012-09-08T19:56:01.916562 #36942] FATAL -- : can't convert nil into String (TypeError)
/Users/inohiro/Projects/github/log_cp/lib/log_cp/config_set.rb:18:in `expand_path'
/Users/inohiro/Projects/github/log_cp/lib/log_cp/config_set.rb:18:in `initialize'
/Users/inohiro/Projects/github/log_cp/spec/config_set_spec.rb:27:in `new'
/Users/inohiro/Projects/github/log_cp/spec/config_set_spec.rb:27:in `block (3 levels) in <top (required)>'
/Users/inohiro/.rvm/gems/ruby-1.9.2-p320/gems/rspec-core-2.11.1/lib/rspec/core/example.rb:113:in `instance_eval'
/Users/inohiro/.rvm/gems/ruby-1.9.2-p320/gems/rspec-core-2.11.1/lib/rspec/core/example.rb:113:in `block in run'
/Users/inohiro/.rvm/gems/ruby-1.9.2-p320/gems/rspec-core-2.11.1/lib/rspec/core/example.rb:253:in `with_around_each_hooks'
/Users/inohiro/.rvm/gems/ruby-1.9.2-p320/gems/rspec-core-2.11.1/lib/rspec/core/example.rb:110:in `run'
/Users/inohiro/.rvm/gems/ruby-1.9.2-p320/gems/rspec-core-2.11.1/lib/rspec/core/example_group.rb:378:in `block in run_examples'
/Users/inohiro/.rvm/gems/ruby-1.9.2-p320/gems/rspec-core-2.11.1/lib/rspec/core/example_group.rb:374:in `map'
/Users/inohiro/.rvm/gems/ruby-1.9.2-p320/gems/rspec-core-2.11.1/lib/rspec/core/example_group.rb:374:in `run_examples'
/Users/inohiro/.rvm/gems/ruby-1.9.2-p320/gems/rspec-core-2.11.1/lib/rspec/core/example_group.rb:360:in `run'
/Users/inohiro/.rvm/gems/ruby-1.9.2-p320/gems/rspec-core-2.11.1/lib/rspec/core/example_group.rb:361:in `block in run'
/Users/inohiro/.rvm/gems/ruby-1.9.2-p320/gems/rspec-core-2.11.1/lib/rspec/core/example_group.rb:361:in `map'
/Users/inohiro/.rvm/gems/ruby-1.9.2-p320/gems/rspec-core-2.11.1/lib/rspec/core/example_group.rb:361:in `run'
/Users/inohiro/.rvm/gems/ruby-1.9.2-p320/gems/rspec-core-2.11.1/lib/rspec/core/command_line.rb:28:in `block (2 levels) in run'
/Users/inohiro/.rvm/gems/ruby-1.9.2-p320/gems/rspec-core-2.11.1/lib/rspec/core/command_line.rb:28:in `map'
/Users/inohiro/.rvm/gems/ruby-1.9.2-p320/gems/rspec-core-2.11.1/lib/rspec/core/command_line.rb:28:in `block in run'
/Users/inohiro/.rvm/gems/ruby-1.9.2-p320/gems/rspec-core-2.11.1/lib/rspec/core/reporter.rb:34:in `report'
/Users/inohiro/.rvm/gems/ruby-1.9.2-p320/gems/rspec-core-2.11.1/lib/rspec/core/command_line.rb:25:in `run'
/Users/inohiro/.rvm/gems/ruby-1.9.2-p320/gems/rspec-core-2.11.1/lib/rspec/core/runner.rb:69:in `run'
/Users/inohiro/.rvm/gems/ruby-1.9.2-p320/gems/rspec-core-2.11.1/lib/rspec/core/runner.rb:8:in `block in autorun'
